<?xml version="1.0" encoding="UTF-8"?>
<!-- Generated by org.testng.reporters.JUnitReportReporter -->
<testsuite hostname="LTIN514030" failures="0" tests="4" name="testcases.TC003_Googlesignin" time="65.546" errors="0" timestamp="2024-04-06T18:52:18 IST" skipped="0">
  <testcase classname="testcases.TC003_Googlesignin" name="verifyLoginPage" time="16.460"/>
  <testcase classname="testcases.TC003_Googlesignin" name="verifyLoginPage" time="17.072"/>
  <testcase classname="testcases.TC003_Googlesignin" name="verifyGoogleLogin" time="16.197"/>
  <testcase classname="testcases.TC003_Googlesignin" name="verifyGoogleLogin" time="15.817"/>
</testsuite> <!-- testcases.TC003_Googlesignin -->
