<?xml version="1.0" encoding="UTF-8"?>
<!-- Generated by org.testng.reporters.JUnitReportReporter -->
<testsuite hostname="LTIN514030" failures="0" tests="2" name="testcases.TC002_Usedcars" time="15.510" errors="0" timestamp="2024-04-06T18:52:18 IST" skipped="0">
  <testcase classname="testcases.TC002_Usedcars" name="UsedCarDetails" time="8.040"/>
  <testcase classname="testcases.TC002_Usedcars" name="UsedCarDetails" time="7.470"/>
</testsuite> <!-- testcases.TC002_Usedcars -->
